2017-12-01 01:54:52,520 - requests_oauthlib.oauth1_auth - DEBUG - Signing request <PreparedRequest [POST]> using client <Client nonce=None, signature_method=HMAC-SHA1, realm=None, encoding=utf-8, timestamp=None, resource_owner_secret=****, decoding=None, verifier=None, signature_type=AUTH_HEADER, rsa_key=None, resource_owner_key=924354335114272768-HO385GSfX1Rf90MLOHW1YAY1p4wlEz3, client_secret=****, callback_uri=None, client_key=y3FSzjpBwaCqlPd9JFws64Mdy>
2017-12-01 01:54:52,521 - requests_oauthlib.oauth1_auth - DEBUG - Including body in call to sign: True
2017-12-01 01:54:52,543 - oauthlib.oauth1.rfc5849 - DEBUG - Collected params: [(u'delimited', u'length'), (u'oauth_nonce', u'99986448563000913331512093292'), (u'oauth_timestamp', u'1512093292'), (u'oauth_consumer_key', u'y3FSzjpBwaCqlPd9JFws64Mdy'), (u'oauth_signature_method', u'HMAC-SHA1'), (u'oauth_version', u'1.0'), (u'oauth_token', u'924354335114272768-HO385GSfX1Rf90MLOHW1YAY1p4wlEz3'), (u'track', u'a,the,i,you,u'), (u'language', u'en')]
2017-12-01 01:54:52,544 - oauthlib.oauth1.rfc5849 - DEBUG - Normalized params: delimited=length&language=en&oauth_consumer_key=y3FSzjpBwaCqlPd9JFws64Mdy&oauth_nonce=99986448563000913331512093292&oauth_signature_method=HMAC-SHA1&oauth_timestamp=1512093292&oauth_token=924354335114272768-HO385GSfX1Rf90MLOHW1YAY1p4wlEz3&oauth_version=1.0&track=a%2Cthe%2Ci%2Cyou%2Cu
2017-12-01 01:54:52,544 - oauthlib.oauth1.rfc5849 - DEBUG - Normalized URI: https://stream.twitter.com/1.1/statuses/filter.json
2017-12-01 01:54:52,545 - oauthlib.oauth1.rfc5849 - DEBUG - Signing: signature base string: POST&https%3A%2F%2Fstream.twitter.com%2F1.1%2Fstatuses%2Ffilter.json&delimited%3Dlength%26language%3Den%26oauth_consumer_key%3Dy3FSzjpBwaCqlPd9JFws64Mdy%26oauth_nonce%3D99986448563000913331512093292%26oauth_signature_method%3DHMAC-SHA1%26oauth_timestamp%3D1512093292%26oauth_token%3D924354335114272768-HO385GSfX1Rf90MLOHW1YAY1p4wlEz3%26oauth_version%3D1.0%26track%3Da%252Cthe%252Ci%252Cyou%252Cu
2017-12-01 01:54:52,545 - oauthlib.oauth1.rfc5849 - DEBUG - Signature: v2lbfhsZurdoIBta2+woOK2kvPA=
2017-12-01 01:54:52,572 - requests_oauthlib.oauth1_auth - DEBUG - Updated url: https://stream.twitter.com/1.1/statuses/filter.json?delimited=length
2017-12-01 01:54:52,572 - requests_oauthlib.oauth1_auth - DEBUG - Updated headers: {u'Content-Length': u'39', u'Content-Type': u'application/x-www-form-urlencoded', u'Authorization': u'OAuth oauth_nonce="99986448563000913331512093292", oauth_timestamp="1512093292", oauth_version="1.0", oauth_signature_method="HMAC-SHA1", oauth_consumer_key="y3FSzjpBwaCqlPd9JFws64Mdy", oauth_token="924354335114272768-HO385GSfX1Rf90MLOHW1YAY1p4wlEz3", oauth_signature="v2lbfhsZurdoIBta2%2BwoOK2kvPA%3D"'}
2017-12-01 01:54:52,572 - requests_oauthlib.oauth1_auth - DEBUG - Updated body: u'track=a%2Cthe%2Ci%2Cyou%2Cu&language=en'
2017-12-01 01:54:52,574 - requests.packages.urllib3.connectionpool - INFO - Starting new HTTPS connection (1): stream.twitter.com
2017-12-01 01:54:52,943 - requests.packages.urllib3.connectionpool - DEBUG - "POST /1.1/statuses/filter.json?delimited=length HTTP/1.1" 420 36
2017-12-01 01:55:53,004 - requests_oauthlib.oauth1_auth - DEBUG - Signing request <PreparedRequest [POST]> using client <Client nonce=None, signature_method=HMAC-SHA1, realm=None, encoding=utf-8, timestamp=None, resource_owner_secret=****, decoding=None, verifier=None, signature_type=AUTH_HEADER, rsa_key=None, resource_owner_key=924354335114272768-HO385GSfX1Rf90MLOHW1YAY1p4wlEz3, client_secret=****, callback_uri=None, client_key=y3FSzjpBwaCqlPd9JFws64Mdy>
2017-12-01 01:55:53,005 - requests_oauthlib.oauth1_auth - DEBUG - Including body in call to sign: True
2017-12-01 01:55:53,006 - oauthlib.oauth1.rfc5849 - DEBUG - Collected params: [(u'delimited', u'length'), (u'oauth_nonce', u'83895863791935393971512093353'), (u'oauth_timestamp', u'1512093353'), (u'oauth_consumer_key', u'y3FSzjpBwaCqlPd9JFws64Mdy'), (u'oauth_signature_method', u'HMAC-SHA1'), (u'oauth_version', u'1.0'), (u'oauth_token', u'924354335114272768-HO385GSfX1Rf90MLOHW1YAY1p4wlEz3'), (u'track', u'a,the,i,you,u'), (u'language', u'en')]
2017-12-01 01:55:53,006 - oauthlib.oauth1.rfc5849 - DEBUG - Normalized params: delimited=length&language=en&oauth_consumer_key=y3FSzjpBwaCqlPd9JFws64Mdy&oauth_nonce=83895863791935393971512093353&oauth_signature_method=HMAC-SHA1&oauth_timestamp=1512093353&oauth_token=924354335114272768-HO385GSfX1Rf90MLOHW1YAY1p4wlEz3&oauth_version=1.0&track=a%2Cthe%2Ci%2Cyou%2Cu
2017-12-01 01:55:53,006 - oauthlib.oauth1.rfc5849 - DEBUG - Normalized URI: https://stream.twitter.com/1.1/statuses/filter.json
2017-12-01 01:55:53,006 - oauthlib.oauth1.rfc5849 - DEBUG - Signing: signature base string: POST&https%3A%2F%2Fstream.twitter.com%2F1.1%2Fstatuses%2Ffilter.json&delimited%3Dlength%26language%3Den%26oauth_consumer_key%3Dy3FSzjpBwaCqlPd9JFws64Mdy%26oauth_nonce%3D83895863791935393971512093353%26oauth_signature_method%3DHMAC-SHA1%26oauth_timestamp%3D1512093353%26oauth_token%3D924354335114272768-HO385GSfX1Rf90MLOHW1YAY1p4wlEz3%26oauth_version%3D1.0%26track%3Da%252Cthe%252Ci%252Cyou%252Cu
2017-12-01 01:55:53,006 - oauthlib.oauth1.rfc5849 - DEBUG - Signature: L/XQA8jVXgEAwjZVavPXVYt2uas=
2017-12-01 01:55:53,007 - requests_oauthlib.oauth1_auth - DEBUG - Updated url: https://stream.twitter.com/1.1/statuses/filter.json?delimited=length
2017-12-01 01:55:53,007 - requests_oauthlib.oauth1_auth - DEBUG - Updated headers: {u'Content-Length': u'39', u'Content-Type': u'application/x-www-form-urlencoded', u'Authorization': u'OAuth oauth_nonce="83895863791935393971512093353", oauth_timestamp="1512093353", oauth_version="1.0", oauth_signature_method="HMAC-SHA1", oauth_consumer_key="y3FSzjpBwaCqlPd9JFws64Mdy", oauth_token="924354335114272768-HO385GSfX1Rf90MLOHW1YAY1p4wlEz3", oauth_signature="L%2FXQA8jVXgEAwjZVavPXVYt2uas%3D"'}
2017-12-01 01:55:53,007 - requests_oauthlib.oauth1_auth - DEBUG - Updated body: u'track=a%2Cthe%2Ci%2Cyou%2Cu&language=en'
2017-12-01 01:55:53,007 - requests.packages.urllib3.connectionpool - INFO - Starting new HTTPS connection (2): stream.twitter.com
2017-12-01 01:55:53,143 - requests.packages.urllib3.connectionpool - DEBUG - "POST /1.1/statuses/filter.json?delimited=length HTTP/1.1" 200 None
