2017-12-01 17:19:44,721 - requests_oauthlib.oauth1_auth - DEBUG - Signing request <PreparedRequest [POST]> using client <Client nonce=None, signature_method=HMAC-SHA1, realm=None, encoding=utf-8, timestamp=None, resource_owner_secret=****, decoding=None, verifier=None, signature_type=AUTH_HEADER, rsa_key=None, resource_owner_key=924354335114272768-HO385GSfX1Rf90MLOHW1YAY1p4wlEz3, client_secret=****, callback_uri=None, client_key=y3FSzjpBwaCqlPd9JFws64Mdy>
2017-12-01 17:19:44,722 - requests_oauthlib.oauth1_auth - DEBUG - Including body in call to sign: True
2017-12-01 17:19:44,785 - oauthlib.oauth1.rfc5849 - DEBUG - Collected params: [(u'delimited', u'length'), (u'oauth_nonce', u'24640240412441524371512148784'), (u'oauth_timestamp', u'1512148784'), (u'oauth_consumer_key', u'y3FSzjpBwaCqlPd9JFws64Mdy'), (u'oauth_signature_method', u'HMAC-SHA1'), (u'oauth_version', u'1.0'), (u'oauth_token', u'924354335114272768-HO385GSfX1Rf90MLOHW1YAY1p4wlEz3'), (u'track', u'a,the,i,you,u'), (u'language', u'en')]
2017-12-01 17:19:44,786 - oauthlib.oauth1.rfc5849 - DEBUG - Normalized params: delimited=length&language=en&oauth_consumer_key=y3FSzjpBwaCqlPd9JFws64Mdy&oauth_nonce=24640240412441524371512148784&oauth_signature_method=HMAC-SHA1&oauth_timestamp=1512148784&oauth_token=924354335114272768-HO385GSfX1Rf90MLOHW1YAY1p4wlEz3&oauth_version=1.0&track=a%2Cthe%2Ci%2Cyou%2Cu
2017-12-01 17:19:44,786 - oauthlib.oauth1.rfc5849 - DEBUG - Normalized URI: https://stream.twitter.com/1.1/statuses/filter.json
2017-12-01 17:19:44,786 - oauthlib.oauth1.rfc5849 - DEBUG - Signing: signature base string: POST&https%3A%2F%2Fstream.twitter.com%2F1.1%2Fstatuses%2Ffilter.json&delimited%3Dlength%26language%3Den%26oauth_consumer_key%3Dy3FSzjpBwaCqlPd9JFws64Mdy%26oauth_nonce%3D24640240412441524371512148784%26oauth_signature_method%3DHMAC-SHA1%26oauth_timestamp%3D1512148784%26oauth_token%3D924354335114272768-HO385GSfX1Rf90MLOHW1YAY1p4wlEz3%26oauth_version%3D1.0%26track%3Da%252Cthe%252Ci%252Cyou%252Cu
2017-12-01 17:19:44,818 - oauthlib.oauth1.rfc5849 - DEBUG - Signature: MXI3D1cSiPi5Yvh9WbA4bOyYN18=
2017-12-01 17:19:44,818 - requests_oauthlib.oauth1_auth - DEBUG - Updated url: https://stream.twitter.com/1.1/statuses/filter.json?delimited=length
2017-12-01 17:19:44,818 - requests_oauthlib.oauth1_auth - DEBUG - Updated headers: {u'Content-Length': u'39', u'Content-Type': u'application/x-www-form-urlencoded', u'Authorization': u'OAuth oauth_nonce="24640240412441524371512148784", oauth_timestamp="1512148784", oauth_version="1.0", oauth_signature_method="HMAC-SHA1", oauth_consumer_key="y3FSzjpBwaCqlPd9JFws64Mdy", oauth_token="924354335114272768-HO385GSfX1Rf90MLOHW1YAY1p4wlEz3", oauth_signature="MXI3D1cSiPi5Yvh9WbA4bOyYN18%3D"'}
2017-12-01 17:19:44,819 - requests_oauthlib.oauth1_auth - DEBUG - Updated body: u'track=a%2Cthe%2Ci%2Cyou%2Cu&language=en'
2017-12-01 17:19:44,867 - requests.packages.urllib3.connectionpool - INFO - Starting new HTTPS connection (1): stream.twitter.com
2017-12-01 17:19:45,222 - requests.packages.urllib3.connectionpool - DEBUG - "POST /1.1/statuses/filter.json?delimited=length HTTP/1.1" 420 36
2017-12-01 17:20:45,271 - requests_oauthlib.oauth1_auth - DEBUG - Signing request <PreparedRequest [POST]> using client <Client nonce=None, signature_method=HMAC-SHA1, realm=None, encoding=utf-8, timestamp=None, resource_owner_secret=****, decoding=None, verifier=None, signature_type=AUTH_HEADER, rsa_key=None, resource_owner_key=924354335114272768-HO385GSfX1Rf90MLOHW1YAY1p4wlEz3, client_secret=****, callback_uri=None, client_key=y3FSzjpBwaCqlPd9JFws64Mdy>
2017-12-01 17:20:45,272 - requests_oauthlib.oauth1_auth - DEBUG - Including body in call to sign: True
2017-12-01 17:20:45,274 - oauthlib.oauth1.rfc5849 - DEBUG - Collected params: [(u'delimited', u'length'), (u'oauth_nonce', u'161058616962084435281512148845'), (u'oauth_timestamp', u'1512148845'), (u'oauth_consumer_key', u'y3FSzjpBwaCqlPd9JFws64Mdy'), (u'oauth_signature_method', u'HMAC-SHA1'), (u'oauth_version', u'1.0'), (u'oauth_token', u'924354335114272768-HO385GSfX1Rf90MLOHW1YAY1p4wlEz3'), (u'track', u'a,the,i,you,u'), (u'language', u'en')]
2017-12-01 17:20:45,274 - oauthlib.oauth1.rfc5849 - DEBUG - Normalized params: delimited=length&language=en&oauth_consumer_key=y3FSzjpBwaCqlPd9JFws64Mdy&oauth_nonce=161058616962084435281512148845&oauth_signature_method=HMAC-SHA1&oauth_timestamp=1512148845&oauth_token=924354335114272768-HO385GSfX1Rf90MLOHW1YAY1p4wlEz3&oauth_version=1.0&track=a%2Cthe%2Ci%2Cyou%2Cu
2017-12-01 17:20:45,275 - oauthlib.oauth1.rfc5849 - DEBUG - Normalized URI: https://stream.twitter.com/1.1/statuses/filter.json
2017-12-01 17:20:45,275 - oauthlib.oauth1.rfc5849 - DEBUG - Signing: signature base string: POST&https%3A%2F%2Fstream.twitter.com%2F1.1%2Fstatuses%2Ffilter.json&delimited%3Dlength%26language%3Den%26oauth_consumer_key%3Dy3FSzjpBwaCqlPd9JFws64Mdy%26oauth_nonce%3D161058616962084435281512148845%26oauth_signature_method%3DHMAC-SHA1%26oauth_timestamp%3D1512148845%26oauth_token%3D924354335114272768-HO385GSfX1Rf90MLOHW1YAY1p4wlEz3%26oauth_version%3D1.0%26track%3Da%252Cthe%252Ci%252Cyou%252Cu
2017-12-01 17:20:45,275 - oauthlib.oauth1.rfc5849 - DEBUG - Signature: 6G9tvGZvOy8R/eFD7eeOjk8E6h8=
2017-12-01 17:20:45,275 - requests_oauthlib.oauth1_auth - DEBUG - Updated url: https://stream.twitter.com/1.1/statuses/filter.json?delimited=length
2017-12-01 17:20:45,275 - requests_oauthlib.oauth1_auth - DEBUG - Updated headers: {u'Content-Length': u'39', u'Content-Type': u'application/x-www-form-urlencoded', u'Authorization': u'OAuth oauth_nonce="161058616962084435281512148845", oauth_timestamp="1512148845", oauth_version="1.0", oauth_signature_method="HMAC-SHA1", oauth_consumer_key="y3FSzjpBwaCqlPd9JFws64Mdy", oauth_token="924354335114272768-HO385GSfX1Rf90MLOHW1YAY1p4wlEz3", oauth_signature="6G9tvGZvOy8R%2FeFD7eeOjk8E6h8%3D"'}
2017-12-01 17:20:45,275 - requests_oauthlib.oauth1_auth - DEBUG - Updated body: u'track=a%2Cthe%2Ci%2Cyou%2Cu&language=en'
2017-12-01 17:20:45,276 - requests.packages.urllib3.connectionpool - INFO - Starting new HTTPS connection (2): stream.twitter.com
2017-12-01 17:20:45,579 - requests.packages.urllib3.connectionpool - DEBUG - "POST /1.1/statuses/filter.json?delimited=length HTTP/1.1" 200 None
