2017-12-01 00:56:30,715 - requests_oauthlib.oauth1_auth - DEBUG - Signing request <PreparedRequest [POST]> using client <Client nonce=None, signature_method=HMAC-SHA1, realm=None, encoding=utf-8, timestamp=None, resource_owner_secret=****, decoding=None, verifier=None, signature_type=AUTH_HEADER, rsa_key=None, resource_owner_key=924354335114272768-HO385GSfX1Rf90MLOHW1YAY1p4wlEz3, client_secret=****, callback_uri=None, client_key=y3FSzjpBwaCqlPd9JFws64Mdy>
2017-12-01 00:56:30,715 - requests_oauthlib.oauth1_auth - DEBUG - Including body in call to sign: True
2017-12-01 00:56:30,716 - oauthlib.oauth1.rfc5849 - DEBUG - Collected params: [(u'delimited', u'length'), (u'oauth_nonce', u'86620942066113330511512089790'), (u'oauth_timestamp', u'1512089790'), (u'oauth_consumer_key', u'y3FSzjpBwaCqlPd9JFws64Mdy'), (u'oauth_signature_method', u'HMAC-SHA1'), (u'oauth_version', u'1.0'), (u'oauth_token', u'924354335114272768-HO385GSfX1Rf90MLOHW1YAY1p4wlEz3'), (u'track', u'a,the,i,you,u'), (u'language', u'en')]
2017-12-01 00:56:30,717 - oauthlib.oauth1.rfc5849 - DEBUG - Normalized params: delimited=length&language=en&oauth_consumer_key=y3FSzjpBwaCqlPd9JFws64Mdy&oauth_nonce=86620942066113330511512089790&oauth_signature_method=HMAC-SHA1&oauth_timestamp=1512089790&oauth_token=924354335114272768-HO385GSfX1Rf90MLOHW1YAY1p4wlEz3&oauth_version=1.0&track=a%2Cthe%2Ci%2Cyou%2Cu
2017-12-01 00:56:30,717 - oauthlib.oauth1.rfc5849 - DEBUG - Normalized URI: https://stream.twitter.com/1.1/statuses/filter.json
2017-12-01 00:56:30,717 - oauthlib.oauth1.rfc5849 - DEBUG - Signing: signature base string: POST&https%3A%2F%2Fstream.twitter.com%2F1.1%2Fstatuses%2Ffilter.json&delimited%3Dlength%26language%3Den%26oauth_consumer_key%3Dy3FSzjpBwaCqlPd9JFws64Mdy%26oauth_nonce%3D86620942066113330511512089790%26oauth_signature_method%3DHMAC-SHA1%26oauth_timestamp%3D1512089790%26oauth_token%3D924354335114272768-HO385GSfX1Rf90MLOHW1YAY1p4wlEz3%26oauth_version%3D1.0%26track%3Da%252Cthe%252Ci%252Cyou%252Cu
2017-12-01 00:56:30,717 - oauthlib.oauth1.rfc5849 - DEBUG - Signature: BRkgH6H2MEutmM3/UU9C/8aHp4U=
2017-12-01 00:56:30,717 - requests_oauthlib.oauth1_auth - DEBUG - Updated url: https://stream.twitter.com/1.1/statuses/filter.json?delimited=length
2017-12-01 00:56:30,717 - requests_oauthlib.oauth1_auth - DEBUG - Updated headers: {u'Content-Length': u'39', u'Content-Type': u'application/x-www-form-urlencoded', u'Authorization': u'OAuth oauth_nonce="86620942066113330511512089790", oauth_timestamp="1512089790", oauth_version="1.0", oauth_signature_method="HMAC-SHA1", oauth_consumer_key="y3FSzjpBwaCqlPd9JFws64Mdy", oauth_token="924354335114272768-HO385GSfX1Rf90MLOHW1YAY1p4wlEz3", oauth_signature="BRkgH6H2MEutmM3%2FUU9C%2F8aHp4U%3D"'}
2017-12-01 00:56:30,718 - requests_oauthlib.oauth1_auth - DEBUG - Updated body: u'track=a%2Cthe%2Ci%2Cyou%2Cu&language=en'
2017-12-01 00:56:30,718 - requests.packages.urllib3.connectionpool - INFO - Starting new HTTPS connection (1): stream.twitter.com
2017-12-01 00:56:30,808 - requests.packages.urllib3.connectionpool - DEBUG - "POST /1.1/statuses/filter.json?delimited=length HTTP/1.1" 420 36
2017-12-01 00:56:30,844 - streamparse.storm.component - ERROR - Received EOF while trying to read stdin from Storm, pipe appears to be broken, exiting.
2017-12-01 00:57:30,864 - requests_oauthlib.oauth1_auth - DEBUG - Signing request <PreparedRequest [POST]> using client <Client nonce=None, signature_method=HMAC-SHA1, realm=None, encoding=utf-8, timestamp=None, resource_owner_secret=****, decoding=None, verifier=None, signature_type=AUTH_HEADER, rsa_key=None, resource_owner_key=924354335114272768-HO385GSfX1Rf90MLOHW1YAY1p4wlEz3, client_secret=****, callback_uri=None, client_key=y3FSzjpBwaCqlPd9JFws64Mdy>
2017-12-01 00:57:30,864 - requests_oauthlib.oauth1_auth - DEBUG - Including body in call to sign: True
2017-12-01 00:57:30,865 - oauthlib.oauth1.rfc5849 - DEBUG - Collected params: [(u'delimited', u'length'), (u'oauth_nonce', u'14542387571424876711512089850'), (u'oauth_timestamp', u'1512089850'), (u'oauth_consumer_key', u'y3FSzjpBwaCqlPd9JFws64Mdy'), (u'oauth_signature_method', u'HMAC-SHA1'), (u'oauth_version', u'1.0'), (u'oauth_token', u'924354335114272768-HO385GSfX1Rf90MLOHW1YAY1p4wlEz3'), (u'track', u'a,the,i,you,u'), (u'language', u'en')]
2017-12-01 00:57:30,865 - oauthlib.oauth1.rfc5849 - DEBUG - Normalized params: delimited=length&language=en&oauth_consumer_key=y3FSzjpBwaCqlPd9JFws64Mdy&oauth_nonce=14542387571424876711512089850&oauth_signature_method=HMAC-SHA1&oauth_timestamp=1512089850&oauth_token=924354335114272768-HO385GSfX1Rf90MLOHW1YAY1p4wlEz3&oauth_version=1.0&track=a%2Cthe%2Ci%2Cyou%2Cu
2017-12-01 00:57:30,865 - oauthlib.oauth1.rfc5849 - DEBUG - Normalized URI: https://stream.twitter.com/1.1/statuses/filter.json
2017-12-01 00:57:30,865 - oauthlib.oauth1.rfc5849 - DEBUG - Signing: signature base string: POST&https%3A%2F%2Fstream.twitter.com%2F1.1%2Fstatuses%2Ffilter.json&delimited%3Dlength%26language%3Den%26oauth_consumer_key%3Dy3FSzjpBwaCqlPd9JFws64Mdy%26oauth_nonce%3D14542387571424876711512089850%26oauth_signature_method%3DHMAC-SHA1%26oauth_timestamp%3D1512089850%26oauth_token%3D924354335114272768-HO385GSfX1Rf90MLOHW1YAY1p4wlEz3%26oauth_version%3D1.0%26track%3Da%252Cthe%252Ci%252Cyou%252Cu
2017-12-01 00:57:30,865 - oauthlib.oauth1.rfc5849 - DEBUG - Signature: alLxnSIifsvatKCvy5w5R3F5olo=
2017-12-01 00:57:30,866 - requests_oauthlib.oauth1_auth - DEBUG - Updated url: https://stream.twitter.com/1.1/statuses/filter.json?delimited=length
2017-12-01 00:57:30,866 - requests_oauthlib.oauth1_auth - DEBUG - Updated headers: {u'Content-Length': u'39', u'Content-Type': u'application/x-www-form-urlencoded', u'Authorization': u'OAuth oauth_nonce="14542387571424876711512089850", oauth_timestamp="1512089850", oauth_version="1.0", oauth_signature_method="HMAC-SHA1", oauth_consumer_key="y3FSzjpBwaCqlPd9JFws64Mdy", oauth_token="924354335114272768-HO385GSfX1Rf90MLOHW1YAY1p4wlEz3", oauth_signature="alLxnSIifsvatKCvy5w5R3F5olo%3D"'}
2017-12-01 00:57:30,866 - requests_oauthlib.oauth1_auth - DEBUG - Updated body: u'track=a%2Cthe%2Ci%2Cyou%2Cu&language=en'
2017-12-01 00:57:30,866 - requests.packages.urllib3.connectionpool - INFO - Starting new HTTPS connection (2): stream.twitter.com
2017-12-01 00:57:30,968 - requests.packages.urllib3.connectionpool - DEBUG - "POST /1.1/statuses/filter.json?delimited=length HTTP/1.1" 200 None
